Looking for git in: git
Using git 2.25.1 from git
Opening repository for path='/var/www/jwcontracting.com/wp-content/themes/jwTheme' failed; ex=Failed to execute git {
  "exitCode": 128,
  "gitErrorCode": "NotAGitRepository",
  "gitCommand": "rev-parse",
  "stdout": "",
  "stderr": "fatal: not a git repository (or any of the parent directories): .git\n"
}
Opening repository for path='/var/www/jwcontracting.com/wp-content/themes/jwTheme' failed; ex=Failed to execute git {
  "exitCode": 128,
  "gitErrorCode": "NotAGitRepository",
  "gitCommand": "rev-parse",
  "stdout": "",
  "stderr": "fatal: not a git repository (or any of the parent directories): .git\n"
}
Opening repository for path='/var/www/jwcontracting.com/wp-content/themes/jwTheme/404.php' failed; ex=Error: spawn ENOTDIR
Opening repository for path='/var/www/jwcontracting.com/wp-content/themes/jwTheme/archive.php' failed; ex=Error: spawn ENOTDIR
Opening repository for path='/var/www/jwcontracting.com/wp-content/themes/jwTheme/css' failed; ex=Failed to execute git {
  "exitCode": 128,
  "gitErrorCode": "NotAGitRepository",
  "gitCommand": "rev-parse",
  "stdout": "",
  "stderr": "fatal: not a git repository (or any of the parent directories): .git\n"
}
Opening repository for path='/var/www/jwcontracting.com/wp-content/themes/jwTheme/footer.php' failed; ex=Error: spawn ENOTDIR
Opening repository for path='/var/www/jwcontracting.com/wp-content/themes/jwTheme/front-page.php' failed; ex=Error: spawn ENOTDIR
Opening repository for path='/var/www/jwcontracting.com/wp-content/themes/jwTheme/functions.php' failed; ex=Error: spawn ENOTDIR
Opening repository for path='/var/www/jwcontracting.com/wp-content/themes/jwTheme/header.php' failed; ex=Error: spawn ENOTDIR
Opening repository for path='/var/www/jwcontracting.com/wp-content/themes/jwTheme/images' failed; ex=Failed to execute git {
  "exitCode": 128,
  "gitErrorCode": "NotAGitRepository",
  "gitCommand": "rev-parse",
  "stdout": "",
  "stderr": "fatal: not a git repository (or any of the parent directories): .git\n"
}
Opening repository for path='/var/www/jwcontracting.com/wp-content/themes/jwTheme/includes' failed; ex=Failed to execute git {
  "exitCode": 128,
  "gitErrorCode": "NotAGitRepository",
  "gitCommand": "rev-parse",
  "stdout": "",
  "stderr": "fatal: not a git repository (or any of the parent directories): .git\n"
}
Opening repository for path='/var/www/jwcontracting.com/wp-content/themes/jwTheme/index.php' failed; ex=Error: spawn ENOTDIR
Opening repository for path='/var/www/jwcontracting.com/wp-content/themes/jwTheme/js' failed; ex=Failed to execute git {
  "exitCode": 128,
  "gitErrorCode": "NotAGitRepository",
  "gitCommand": "rev-parse",
  "stdout": "",
  "stderr": "fatal: not a git repository (or any of the parent directories): .git\n"
}
Opening repository for path='/var/www/jwcontracting.com/wp-content/themes/jwTheme/page.php' failed; ex=Error: spawn ENOTDIR
Opening repository for path='/var/www/jwcontracting.com/wp-content/themes/jwTheme/search.php' failed; ex=Error: spawn ENOTDIR
Opening repository for path='/var/www/jwcontracting.com/wp-content/themes/jwTheme/single.php' failed; ex=Error: spawn ENOTDIR
Opening repository for path='/var/www/jwcontracting.com/wp-content/themes/jwTheme/style.css' failed; ex=Error: spawn ENOTDIR
Opening repository for path='/var/www/jwcontracting.com/wp-content/themes/jwTheme/template-contactus.php' failed; ex=Error: spawn ENOTDIR
Opening repository for path='/var/www/jwcontracting.com/wp-content/themes/jwTheme/~' failed; ex=Failed to execute git {
  "exitCode": 128,
  "gitErrorCode": "NotAGitRepository",
  "gitCommand": "rev-parse",
  "stdout": "",
  "stderr": "fatal: not a git repository (or any of the parent directories): .git\n"
}
Opening repository for path='/var/www/jwcontracting.com/wp-content/themes/jwTheme/css' failed; ex=Failed to execute git {
  "exitCode": 128,
  "gitErrorCode": "NotAGitRepository",
  "gitCommand": "rev-parse",
  "stdout": "",
  "stderr": "fatal: not a git repository (or any of the parent directories): .git\n"
}
Opening repository for path='/var/www/jwcontracting.com/wp-content/themes/jwTheme' failed; ex=Failed to execute git {
  "exitCode": 128,
  "gitErrorCode": "NotAGitRepository",
  "gitCommand": "rev-parse",
  "stdout": "",
  "stderr": "fatal: not a git repository (or any of the parent directories): .git\n"
}
Opening repository for path='/var/www/jwcontracting.com/wp-content/themes/jwTheme/css' failed; ex=Failed to execute git {
  "exitCode": 128,
  "gitErrorCode": "NotAGitRepository",
  "gitCommand": "rev-parse",
  "stdout": "",
  "stderr": "fatal: not a git repository (or any of the parent directories): .git\n"
}
Opening repository for path='/var/www/jwcontracting.com/wp-content/themes/jwTheme' failed; ex=Failed to execute git {
  "exitCode": 128,
  "gitErrorCode": "NotAGitRepository",
  "gitCommand": "rev-parse",
  "stdout": "",
  "stderr": "fatal: not a git repository (or any of the parent directories): .git\n"
}
Opening repository for path='/var/www/jwcontracting.com/wp-content/themes/jwTheme' failed; ex=Failed to execute git {
  "exitCode": 128,
  "gitErrorCode": "NotAGitRepository",
  "gitCommand": "rev-parse",
  "stdout": "",
  "stderr": "fatal: not a git repository (or any of the parent directories): .git\n"
}
Opening repository for path='/var/www/jwcontracting.com/wp-content/themes/jwTheme' failed; ex=Failed to execute git {
  "exitCode": 128,
  "gitErrorCode": "NotAGitRepository",
  "gitCommand": "rev-parse",
  "stdout": "",
  "stderr": "fatal: not a git repository (or any of the parent directories): .git\n"
}
Opening repository for path='/var/www/jwcontracting.com/wp-content/themes/jwTheme' failed; ex=Failed to execute git {
  "exitCode": 128,
  "gitErrorCode": "NotAGitRepository",
  "gitCommand": "rev-parse",
  "stdout": "",
  "stderr": "fatal: not a git repository (or any of the parent directories): .git\n"
}
Opening repository for path='/var/www/jwcontracting.com/wp-content/themes/jwTheme' failed; ex=Failed to execute git {
  "exitCode": 128,
  "gitErrorCode": "NotAGitRepository",
  "gitCommand": "rev-parse",
  "stdout": "",
  "stderr": "fatal: not a git repository (or any of the parent directories): .git\n"
}
Opening repository for path='/var/www/jwcontracting.com/wp-content/themes/jwTheme/css' failed; ex=Failed to execute git {
  "exitCode": 128,
  "gitErrorCode": "NotAGitRepository",
  "gitCommand": "rev-parse",
  "stdout": "",
  "stderr": "fatal: not a git repository (or any of the parent directories): .git\n"
}
Opening repository for path='/var/www/jwcontracting.com/wp-content/themes/jwTheme' failed; ex=Failed to execute git {
  "exitCode": 128,
  "gitErrorCode": "NotAGitRepository",
  "gitCommand": "rev-parse",
  "stdout": "",
  "stderr": "fatal: not a git repository (or any of the parent directories): .git\n"
}
Opening repository for path='/var/www/jwcontracting.com/wp-content/themes/jwTheme' failed; ex=Failed to execute git {
  "exitCode": 128,
  "gitErrorCode": "NotAGitRepository",
  "gitCommand": "rev-parse",
  "stdout": "",
  "stderr": "fatal: not a git repository (or any of the parent directories): .git\n"
}
Opening repository for path='/var/www/jwcontracting.com/wp-content/themes/jwTheme/css' failed; ex=Failed to execute git {
  "exitCode": 128,
  "gitErrorCode": "NotAGitRepository",
  "gitCommand": "rev-parse",
  "stdout": "",
  "stderr": "fatal: not a git repository (or any of the parent directories): .git\n"
}
Opening repository for path='/var/www/jwcontracting.com/wp-content/themes/jwTheme' failed; ex=Failed to execute git {
  "exitCode": 128,
  "gitErrorCode": "NotAGitRepository",
  "gitCommand": "rev-parse",
  "stdout": "",
  "stderr": "fatal: not a git repository (or any of the parent directories): .git\n"
}
Opening repository for path='/var/www/jwcontracting.com/wp-content/themes/jwTheme/css' failed; ex=Failed to execute git {
  "exitCode": 128,
  "gitErrorCode": "NotAGitRepository",
  "gitCommand": "rev-parse",
  "stdout": "",
  "stderr": "fatal: not a git repository (or any of the parent directories): .git\n"
}
Opening repository for path='/var/www/jwcontracting.com/wp-content/themes/jwTheme' failed; ex=Failed to execute git {
  "exitCode": 128,
  "gitErrorCode": "NotAGitRepository",
  "gitCommand": "rev-parse",
  "stdout": "",
  "stderr": "fatal: not a git repository (or any of the parent directories): .git\n"
}
Opening repository for path='/var/www/jwcontracting.com/wp-content/themes/jwTheme' failed; ex=Failed to execute git {
  "exitCode": 128,
  "gitErrorCode": "NotAGitRepository",
  "gitCommand": "rev-parse",
  "stdout": "",
  "stderr": "fatal: not a git repository (or any of the parent directories): .git\n"
}
Opening repository for path='/var/www/jwcontracting.com/wp-content/themes/jwTheme/css' failed; ex=Failed to execute git {
  "exitCode": 128,
  "gitErrorCode": "NotAGitRepository",
  "gitCommand": "rev-parse",
  "stdout": "",
  "stderr": "fatal: not a git repository (or any of the parent directories): .git\n"
}
Opening repository for path='/var/www/jwcontracting.com/wp-content/themes/jwTheme' failed; ex=Failed to execute git {
  "exitCode": 128,
  "gitErrorCode": "NotAGitRepository",
  "gitCommand": "rev-parse",
  "stdout": "",
  "stderr": "fatal: not a git repository (or any of the parent directories): .git\n"
}
Opening repository for path='/var/www/jwcontracting.com/wp-content/themes/jwTheme' failed; ex=Failed to execute git {
  "exitCode": 128,
  "gitErrorCode": "NotAGitRepository",
  "gitCommand": "rev-parse",
  "stdout": "",
  "stderr": "fatal: not a git repository (or any of the parent directories): .git\n"
}
Opening repository for path='/var/www/jwcontracting.com/wp-content/themes/jwTheme' failed; ex=Failed to execute git {
  "exitCode": 128,
  "gitErrorCode": "NotAGitRepository",
  "gitCommand": "rev-parse",
  "stdout": "",
  "stderr": "fatal: not a git repository (or any of the parent directories): .git\n"
}
Opening repository for path='/var/www/jwcontracting.com/wp-content/themes/jwTheme' failed; ex=Failed to execute git {
  "exitCode": 128,
  "gitErrorCode": "NotAGitRepository",
  "gitCommand": "rev-parse",
  "stdout": "",
  "stderr": "fatal: not a git repository (or any of the parent directories): .git\n"
}
Opening repository for path='/var/www/jwcontracting.com/wp-content/themes/jwTheme' failed; ex=Failed to execute git {
  "exitCode": 128,
  "gitErrorCode": "NotAGitRepository",
  "gitCommand": "rev-parse",
  "stdout": "",
  "stderr": "fatal: not a git repository (or any of the parent directories): .git\n"
}
Opening repository for path='/var/www/jwcontracting.com/wp-content/themes/jwTheme' failed; ex=Failed to execute git {
  "exitCode": 128,
  "gitErrorCode": "NotAGitRepository",
  "gitCommand": "rev-parse",
  "stdout": "",
  "stderr": "fatal: not a git repository (or any of the parent directories): .git\n"
}
Opening repository for path='/var/www/jwcontracting.com/wp-content/themes/jwTheme' failed; ex=Failed to execute git {
  "exitCode": 128,
  "gitErrorCode": "NotAGitRepository",
  "gitCommand": "rev-parse",
  "stdout": "",
  "stderr": "fatal: not a git repository (or any of the parent directories): .git\n"
}
Opening repository for path='/var/www/jwcontracting.com/wp-content/themes/jwTheme/css' failed; ex=Failed to execute git {
  "exitCode": 128,
  "gitErrorCode": "NotAGitRepository",
  "gitCommand": "rev-parse",
  "stdout": "",
  "stderr": "fatal: not a git repository (or any of the parent directories): .git\n"
}
Opening repository for path='/var/www/jwcontracting.com/wp-content/themes/jwTheme' failed; ex=Failed to execute git {
  "exitCode": 128,
  "gitErrorCode": "NotAGitRepository",
  "gitCommand": "rev-parse",
  "stdout": "",
  "stderr": "fatal: not a git repository (or any of the parent directories): .git\n"
}
Opening repository for path='/var/www/jwcontracting.com/wp-content/themes/jwTheme' failed; ex=Failed to execute git {
  "exitCode": 128,
  "gitErrorCode": "NotAGitRepository",
  "gitCommand": "rev-parse",
  "stdout": "",
  "stderr": "fatal: not a git repository (or any of the parent directories): .git\n"
}
Opening repository for path='/var/www/jwcontracting.com/wp-content/themes/jwTheme' failed; ex=Failed to execute git {
  "exitCode": 128,
  "gitErrorCode": "NotAGitRepository",
  "gitCommand": "rev-parse",
  "stdout": "",
  "stderr": "fatal: not a git repository (or any of the parent directories): .git\n"
}
Opening repository for path='/var/www/jwcontracting.com/wp-content/themes/jwTheme' failed; ex=Failed to execute git {
  "exitCode": 128,
  "gitErrorCode": "NotAGitRepository",
  "gitCommand": "rev-parse",
  "stdout": "",
  "stderr": "fatal: not a git repository (or any of the parent directories): .git\n"
}
Opening repository for path='/var/www/jwcontracting.com/wp-content/themes/jwTheme/includes' failed; ex=Failed to execute git {
  "exitCode": 128,
  "gitErrorCode": "NotAGitRepository",
  "gitCommand": "rev-parse",
  "stdout": "",
  "stderr": "fatal: not a git repository (or any of the parent directories): .git\n"
}
Opening repository for path='/var/www/jwcontracting.com/wp-content/themes/jwTheme/includes' failed; ex=Failed to execute git {
  "exitCode": 128,
  "gitErrorCode": "NotAGitRepository",
  "gitCommand": "rev-parse",
  "stdout": "",
  "stderr": "fatal: not a git repository (or any of the parent directories): .git\n"
}
Opening repository for path='/var/www/jwcontracting.com/wp-content/themes/jwTheme/includes' failed; ex=Failed to execute git {
  "exitCode": 128,
  "gitErrorCode": "NotAGitRepository",
  "gitCommand": "rev-parse",
  "stdout": "",
  "stderr": "fatal: not a git repository (or any of the parent directories): .git\n"
}
Opening repository for path='/var/www/jwcontracting.com/wp-content/themes/jwTheme' failed; ex=Failed to execute git {
  "exitCode": 128,
  "gitErrorCode": "NotAGitRepository",
  "gitCommand": "rev-parse",
  "stdout": "",
  "stderr": "fatal: not a git repository (or any of the parent directories): .git\n"
}
Opening repository for path='/var/www/jwcontracting.com/wp-content/themes/jwTheme/includes' failed; ex=Failed to execute git {
  "exitCode": 128,
  "gitErrorCode": "NotAGitRepository",
  "gitCommand": "rev-parse",
  "stdout": "",
  "stderr": "fatal: not a git repository (or any of the parent directories): .git\n"
}
Opening repository for path='/var/www/jwcontracting.com/wp-content/themes/jwTheme' failed; ex=Failed to execute git {
  "exitCode": 128,
  "gitErrorCode": "NotAGitRepository",
  "gitCommand": "rev-parse",
  "stdout": "",
  "stderr": "fatal: not a git repository (or any of the parent directories): .git\n"
}
Opening repository for path='/var/www/jwcontracting.com/wp-content/themes/jwTheme/includes' failed; ex=Failed to execute git {
  "exitCode": 128,
  "gitErrorCode": "NotAGitRepository",
  "gitCommand": "rev-parse",
  "stdout": "",
  "stderr": "fatal: not a git repository (or any of the parent directories): .git\n"
}
Opening repository for path='/var/www/jwcontracting.com/wp-content/themes/jwTheme' failed; ex=Failed to execute git {
  "exitCode": 128,
  "gitErrorCode": "NotAGitRepository",
  "gitCommand": "rev-parse",
  "stdout": "",
  "stderr": "fatal: not a git repository (or any of the parent directories): .git\n"
}
Opening repository for path='/var/www/jwcontracting.com/wp-content/themes/jwTheme' failed; ex=Failed to execute git {
  "exitCode": 128,
  "gitErrorCode": "NotAGitRepository",
  "gitCommand": "rev-parse",
  "stdout": "",
  "stderr": "fatal: not a git repository (or any of the parent directories): .git\n"
}
Opening repository for path='/var/www/jwcontracting.com/wp-content/themes/jwTheme' failed; ex=Failed to execute git {
  "exitCode": 128,
  "gitErrorCode": "NotAGitRepository",
  "gitCommand": "rev-parse",
  "stdout": "",
  "stderr": "fatal: not a git repository (or any of the parent directories): .git\n"
}
Opening repository for path='/var/www/jwcontracting.com/wp-content/themes/jwTheme' failed; ex=Failed to execute git {
  "exitCode": 128,
  "gitErrorCode": "NotAGitRepository",
  "gitCommand": "rev-parse",
  "stdout": "",
  "stderr": "fatal: not a git repository (or any of the parent directories): .git\n"
}
Opening repository for path='/var/www/jwcontracting.com/wp-content/themes/jwTheme' failed; ex=Failed to execute git {
  "exitCode": 128,
  "gitErrorCode": "NotAGitRepository",
  "gitCommand": "rev-parse",
  "stdout": "",
  "stderr": "fatal: not a git repository (or any of the parent directories): .git\n"
}
Opening repository for path='/var/www/jwcontracting.com/wp-content/themes/jwTheme' failed; ex=Failed to execute git {
  "exitCode": 128,
  "gitErrorCode": "NotAGitRepository",
  "gitCommand": "rev-parse",
  "stdout": "",
  "stderr": "fatal: not a git repository (or any of the parent directories): .git\n"
}
Opening repository for path='/var/www/jwcontracting.com/wp-content/themes/jwTheme' failed; ex=Failed to execute git {
  "exitCode": 128,
  "gitErrorCode": "NotAGitRepository",
  "gitCommand": "rev-parse",
  "stdout": "",
  "stderr": "fatal: not a git repository (or any of the parent directories): .git\n"
}
Opening repository for path='/var/www/jwcontracting.com/wp-content/themes/jwTheme/includes' failed; ex=Failed to execute git {
  "exitCode": 128,
  "gitErrorCode": "NotAGitRepository",
  "gitCommand": "rev-parse",
  "stdout": "",
  "stderr": "fatal: not a git repository (or any of the parent directories): .git\n"
}
Opening repository for path='/var/www/jwcontracting.com/wp-content/themes/jwTheme/includes' failed; ex=Failed to execute git {
  "exitCode": 128,
  "gitErrorCode": "NotAGitRepository",
  "gitCommand": "rev-parse",
  "stdout": "",
  "stderr": "fatal: not a git repository (or any of the parent directories): .git\n"
}
Opening repository for path='/var/www/jwcontracting.com/wp-content/themes/jwTheme/includes' failed; ex=Failed to execute git {
  "exitCode": 128,
  "gitErrorCode": "NotAGitRepository",
  "gitCommand": "rev-parse",
  "stdout": "",
  "stderr": "fatal: not a git repository (or any of the parent directories): .git\n"
}
Opening repository for path='/var/www/jwcontracting.com/wp-content/themes/jwTheme' failed; ex=Failed to execute git {
  "exitCode": 128,
  "gitErrorCode": "NotAGitRepository",
  "gitCommand": "rev-parse",
  "stdout": "",
  "stderr": "fatal: not a git repository (or any of the parent directories): .git\n"
}
Opening repository for path='/var/www/jwcontracting.com/wp-content/themes/jwTheme/includes' failed; ex=Failed to execute git {
  "exitCode": 128,
  "gitErrorCode": "NotAGitRepository",
  "gitCommand": "rev-parse",
  "stdout": "",
  "stderr": "fatal: not a git repository (or any of the parent directories): .git\n"
}
Opening repository for path='/var/www/jwcontracting.com/wp-content/themes/jwTheme/includes' failed; ex=Failed to execute git {
  "exitCode": 128,
  "gitErrorCode": "NotAGitRepository",
  "gitCommand": "rev-parse",
  "stdout": "",
  "stderr": "fatal: not a git repository (or any of the parent directories): .git\n"
}
Opening repository for path='/var/www/jwcontracting.com/wp-content/themes/jwTheme' failed; ex=Failed to execute git {
  "exitCode": 128,
  "gitErrorCode": "NotAGitRepository",
  "gitCommand": "rev-parse",
  "stdout": "",
  "stderr": "fatal: not a git repository (or any of the parent directories): .git\n"
}
Opening repository for path='/var/www/jwcontracting.com/wp-content/themes/jwTheme' failed; ex=Failed to execute git {
  "exitCode": 128,
  "gitErrorCode": "NotAGitRepository",
  "gitCommand": "rev-parse",
  "stdout": "",
  "stderr": "fatal: not a git repository (or any of the parent directories): .git\n"
}
Opening repository for path='/var/www/jwcontracting.com/wp-content/themes/jwTheme/includes' failed; ex=Failed to execute git {
  "exitCode": 128,
  "gitErrorCode": "NotAGitRepository",
  "gitCommand": "rev-parse",
  "stdout": "",
  "stderr": "fatal: not a git repository (or any of the parent directories): .git\n"
}
Opening repository for path='/var/www/jwcontracting.com/wp-content/themes/jwTheme/includes' failed; ex=Failed to execute git {
  "exitCode": 128,
  "gitErrorCode": "NotAGitRepository",
  "gitCommand": "rev-parse",
  "stdout": "",
  "stderr": "fatal: not a git repository (or any of the parent directories): .git\n"
}
Opening repository for path='/var/www/jwcontracting.com/wp-content/themes/jwTheme' failed; ex=Failed to execute git {
  "exitCode": 128,
  "gitErrorCode": "NotAGitRepository",
  "gitCommand": "rev-parse",
  "stdout": "",
  "stderr": "fatal: not a git repository (or any of the parent directories): .git\n"
}
Opening repository for path='/var/www/jwcontracting.com/wp-content/themes/jwTheme' failed; ex=Failed to execute git {
  "exitCode": 128,
  "gitErrorCode": "NotAGitRepository",
  "gitCommand": "rev-parse",
  "stdout": "",
  "stderr": "fatal: not a git repository (or any of the parent directories): .git\n"
}
Opening repository for path='/var/www/jwcontracting.com/wp-content/themes/jwTheme' failed; ex=Failed to execute git {
  "exitCode": 128,
  "gitErrorCode": "NotAGitRepository",
  "gitCommand": "rev-parse",
  "stdout": "",
  "stderr": "fatal: not a git repository (or any of the parent directories): .git\n"
}
Opening repository for path='/var/www/jwcontracting.com/wp-content/themes/jwTheme/includes' failed; ex=Failed to execute git {
  "exitCode": 128,
  "gitErrorCode": "NotAGitRepository",
  "gitCommand": "rev-parse",
  "stdout": "",
  "stderr": "fatal: not a git repository (or any of the parent directories): .git\n"
}
Opening repository for path='/var/www/jwcontracting.com/wp-content/themes/jwTheme' failed; ex=Failed to execute git {
  "exitCode": 128,
  "gitErrorCode": "NotAGitRepository",
  "gitCommand": "rev-parse",
  "stdout": "",
  "stderr": "fatal: not a git repository (or any of the parent directories): .git\n"
}
Opening repository for path='/var/www/jwcontracting.com/wp-content/themes/jwTheme' failed; ex=Failed to execute git {
  "exitCode": 128,
  "gitErrorCode": "NotAGitRepository",
  "gitCommand": "rev-parse",
  "stdout": "",
  "stderr": "fatal: not a git repository (or any of the parent directories): .git\n"
}
Opening repository for path='/var/www/jwcontracting.com/wp-content/themes/jwTheme/includes' failed; ex=Failed to execute git {
  "exitCode": 128,
  "gitErrorCode": "NotAGitRepository",
  "gitCommand": "rev-parse",
  "stdout": "",
  "stderr": "fatal: not a git repository (or any of the parent directories): .git\n"
}
Opening repository for path='/var/www/jwcontracting.com/wp-content/themes/jwTheme' failed; ex=Failed to execute git {
  "exitCode": 128,
  "gitErrorCode": "NotAGitRepository",
  "gitCommand": "rev-parse",
  "stdout": "",
  "stderr": "fatal: not a git repository (or any of the parent directories): .git\n"
}
Opening repository for path='/var/www/jwcontracting.com/wp-content/themes/jwTheme' failed; ex=Failed to execute git {
  "exitCode": 128,
  "gitErrorCode": "NotAGitRepository",
  "gitCommand": "rev-parse",
  "stdout": "",
  "stderr": "fatal: not a git repository (or any of the parent directories): .git\n"
}
Opening repository for path='/var/www/jwcontracting.com/wp-content/themes/jwTheme' failed; ex=Failed to execute git {
  "exitCode": 128,
  "gitErrorCode": "NotAGitRepository",
  "gitCommand": "rev-parse",
  "stdout": "",
  "stderr": "fatal: not a git repository (or any of the parent directories): .git\n"
}
Opening repository for path='/var/www/jwcontracting.com/wp-content/themes/jwTheme' failed; ex=Failed to execute git {
  "exitCode": 128,
  "gitErrorCode": "NotAGitRepository",
  "gitCommand": "rev-parse",
  "stdout": "",
  "stderr": "fatal: not a git repository (or any of the parent directories): .git\n"
}
Opening repository for path='/var/www/jwcontracting.com/wp-content/themes/jwTheme' failed; ex=Failed to execute git {
  "exitCode": 128,
  "gitErrorCode": "NotAGitRepository",
  "gitCommand": "rev-parse",
  "stdout": "",
  "stderr": "fatal: not a git repository (or any of the parent directories): .git\n"
}
Opening repository for path='/var/www/jwcontracting.com/wp-content/themes/jwTheme' failed; ex=Failed to execute git {
  "exitCode": 128,
  "gitErrorCode": "NotAGitRepository",
  "gitCommand": "rev-parse",
  "stdout": "",
  "stderr": "fatal: not a git repository (or any of the parent directories): .git\n"
}
Opening repository for path='/var/www/jwcontracting.com/wp-content/themes/jwTheme' failed; ex=Failed to execute git {
  "exitCode": 128,
  "gitErrorCode": "NotAGitRepository",
  "gitCommand": "rev-parse",
  "stdout": "",
  "stderr": "fatal: not a git repository (or any of the parent directories): .git\n"
}
Opening repository for path='/var/www/jwcontracting.com/wp-content/themes/jwTheme' failed; ex=Failed to execute git {
  "exitCode": 128,
  "gitErrorCode": "NotAGitRepository",
  "gitCommand": "rev-parse",
  "stdout": "",
  "stderr": "fatal: not a git repository (or any of the parent directories): .git\n"
}
Opening repository for path='/var/www/jwcontracting.com/wp-content/themes/jwTheme' failed; ex=Failed to execute git {
  "exitCode": 128,
  "gitErrorCode": "NotAGitRepository",
  "gitCommand": "rev-parse",
  "stdout": "",
  "stderr": "fatal: not a git repository (or any of the parent directories): .git\n"
}
Opening repository for path='/var/www/jwcontracting.com/wp-content/themes/jwTheme' failed; ex=Failed to execute git {
  "exitCode": 128,
  "gitErrorCode": "NotAGitRepository",
  "gitCommand": "rev-parse",
  "stdout": "",
  "stderr": "fatal: not a git repository (or any of the parent directories): .git\n"
}
Opening repository for path='/var/www/jwcontracting.com/wp-content/themes/jwTheme' failed; ex=Failed to execute git {
  "exitCode": 128,
  "gitErrorCode": "NotAGitRepository",
  "gitCommand": "rev-parse",
  "stdout": "",
  "stderr": "fatal: not a git repository (or any of the parent directories): .git\n"
}
Opening repository for path='/var/www/jwcontracting.com/wp-content/themes/jwTheme' failed; ex=Failed to execute git {
  "exitCode": 128,
  "gitErrorCode": "NotAGitRepository",
  "gitCommand": "rev-parse",
  "stdout": "",
  "stderr": "fatal: not a git repository (or any of the parent directories): .git\n"
}
Opening repository for path='/var/www/jwcontracting.com/wp-content/themes/jwTheme' failed; ex=Failed to execute git {
  "exitCode": 128,
  "gitErrorCode": "NotAGitRepository",
  "gitCommand": "rev-parse",
  "stdout": "",
  "stderr": "fatal: not a git repository (or any of the parent directories): .git\n"
}
Opening repository for path='/var/www/jwcontracting.com/wp-content/themes/jwTheme/includes' failed; ex=Failed to execute git {
  "exitCode": 128,
  "gitErrorCode": "NotAGitRepository",
  "gitCommand": "rev-parse",
  "stdout": "",
  "stderr": "fatal: not a git repository (or any of the parent directories): .git\n"
}
Opening repository for path='/var/www/jwcontracting.com/wp-content/themes/jwTheme' failed; ex=Failed to execute git {
  "exitCode": 128,
  "gitErrorCode": "NotAGitRepository",
  "gitCommand": "rev-parse",
  "stdout": "",
  "stderr": "fatal: not a git repository (or any of the parent directories): .git\n"
}
Opening repository for path='/var/www/jwcontracting.com/wp-content/themes/jwTheme' failed; ex=Failed to execute git {
  "exitCode": 128,
  "gitErrorCode": "NotAGitRepository",
  "gitCommand": "rev-parse",
  "stdout": "",
  "stderr": "fatal: not a git repository (or any of the parent directories): .git\n"
}
Opening repository for path='/var/www/jwcontracting.com/wp-content/themes/jwTheme' failed; ex=Failed to execute git {
  "exitCode": 128,
  "gitErrorCode": "NotAGitRepository",
  "gitCommand": "rev-parse",
  "stdout": "",
  "stderr": "fatal: not a git repository (or any of the parent directories): .git\n"
}
Opening repository for path='/var/www/jwcontracting.com/wp-content/themes/jwTheme' failed; ex=Failed to execute git {
  "exitCode": 128,
  "gitErrorCode": "NotAGitRepository",
  "gitCommand": "rev-parse",
  "stdout": "",
  "stderr": "fatal: not a git repository (or any of the parent directories): .git\n"
}
Opening repository for path='/var/www/jwcontracting.com/wp-content/themes/jwTheme' failed; ex=Failed to execute git {
  "exitCode": 128,
  "gitErrorCode": "NotAGitRepository",
  "gitCommand": "rev-parse",
  "stdout": "",
  "stderr": "fatal: not a git repository (or any of the parent directories): .git\n"
}
Opening repository for path='/var/www/jwcontracting.com/wp-content/themes/jwTheme' failed; ex=Failed to execute git {
  "exitCode": 128,
  "gitErrorCode": "NotAGitRepository",
  "gitCommand": "rev-parse",
  "stdout": "",
  "stderr": "fatal: not a git repository (or any of the parent directories): .git\n"
}
Opening repository for path='/var/www/jwcontracting.com/wp-content/themes/jwTheme' failed; ex=Failed to execute git {
  "exitCode": 128,
  "gitErrorCode": "NotAGitRepository",
  "gitCommand": "rev-parse",
  "stdout": "",
  "stderr": "fatal: not a git repository (or any of the parent directories): .git\n"
}
Opening repository for path='/var/www/jwcontracting.com/wp-content/themes/jwTheme' failed; ex=Failed to execute git {
  "exitCode": 128,
  "gitErrorCode": "NotAGitRepository",
  "gitCommand": "rev-parse",
  "stdout": "",
  "stderr": "fatal: not a git repository (or any of the parent directories): .git\n"
}
Opening repository for path='/var/www/jwcontracting.com/wp-content/themes/jwTheme' failed; ex=Failed to execute git {
  "exitCode": 128,
  "gitErrorCode": "NotAGitRepository",
  "gitCommand": "rev-parse",
  "stdout": "",
  "stderr": "fatal: not a git repository (or any of the parent directories): .git\n"
}
Opening repository for path='/var/www/jwcontracting.com/wp-content/themes/jwTheme' failed; ex=Failed to execute git {
  "exitCode": 128,
  "gitErrorCode": "NotAGitRepository",
  "gitCommand": "rev-parse",
  "stdout": "",
  "stderr": "fatal: not a git repository (or any of the parent directories): .git\n"
}
Opening repository for path='/var/www/jwcontracting.com/wp-content/themes/jwTheme' failed; ex=Failed to execute git {
  "exitCode": 128,
  "gitErrorCode": "NotAGitRepository",
  "gitCommand": "rev-parse",
  "stdout": "",
  "stderr": "fatal: not a git repository (or any of the parent directories): .git\n"
}
Opening repository for path='/var/www/jwcontracting.com/wp-content/themes/jwTheme' failed; ex=Failed to execute git {
  "exitCode": 128,
  "gitErrorCode": "NotAGitRepository",
  "gitCommand": "rev-parse",
  "stdout": "",
  "stderr": "fatal: not a git repository (or any of the parent directories): .git\n"
}
Opening repository for path='/var/www/jwcontracting.com/wp-content/themes/jwTheme' failed; ex=Failed to execute git {
  "exitCode": 128,
  "gitErrorCode": "NotAGitRepository",
  "gitCommand": "rev-parse",
  "stdout": "",
  "stderr": "fatal: not a git repository (or any of the parent directories): .git\n"
}
Opening repository for path='/var/www/jwcontracting.com/wp-content/themes/jwTheme' failed; ex=Failed to execute git {
  "exitCode": 128,
  "gitErrorCode": "NotAGitRepository",
  "gitCommand": "rev-parse",
  "stdout": "",
  "stderr": "fatal: not a git repository (or any of the parent directories): .git\n"
}
Opening repository for path='/var/www/jwcontracting.com/wp-content/themes/jwTheme' failed; ex=Failed to execute git {
  "exitCode": 128,
  "gitErrorCode": "NotAGitRepository",
  "gitCommand": "rev-parse",
  "stdout": "",
  "stderr": "fatal: not a git repository (or any of the parent directories): .git\n"
}
Opening repository for path='/var/www/jwcontracting.com/wp-content/themes/jwTheme' failed; ex=Failed to execute git {
  "exitCode": 128,
  "gitErrorCode": "NotAGitRepository",
  "gitCommand": "rev-parse",
  "stdout": "",
  "stderr": "fatal: not a git repository (or any of the parent directories): .git\n"
}
Opening repository for path='/var/www/jwcontracting.com/wp-content/themes/jwTheme' failed; ex=Failed to execute git {
  "exitCode": 128,
  "gitErrorCode": "NotAGitRepository",
  "gitCommand": "rev-parse",
  "stdout": "",
  "stderr": "fatal: not a git repository (or any of the parent directories): .git\n"
}
Opening repository for path='/var/www/jwcontracting.com/wp-content/themes/jwTheme/includes' failed; ex=Failed to execute git {
  "exitCode": 128,
  "gitErrorCode": "NotAGitRepository",
  "gitCommand": "rev-parse",
  "stdout": "",
  "stderr": "fatal: not a git repository (or any of the parent directories): .git\n"
}
Opening repository for path='/var/www/jwcontracting.com/wp-content/themes/jwTheme/includes' failed; ex=Failed to execute git {
  "exitCode": 128,
  "gitErrorCode": "NotAGitRepository",
  "gitCommand": "rev-parse",
  "stdout": "",
  "stderr": "fatal: not a git repository (or any of the parent directories): .git\n"
}
Opening repository for path='/var/www/jwcontracting.com/wp-content/themes/jwTheme/includes' failed; ex=Failed to execute git {
  "exitCode": 128,
  "gitErrorCode": "NotAGitRepository",
  "gitCommand": "rev-parse",
  "stdout": "",
  "stderr": "fatal: not a git repository (or any of the parent directories): .git\n"
}
Opening repository for path='/var/www/jwcontracting.com/wp-content/themes/jwTheme/includes' failed; ex=Failed to execute git {
  "exitCode": 128,
  "gitErrorCode": "NotAGitRepository",
  "gitCommand": "rev-parse",
  "stdout": "",
  "stderr": "fatal: not a git repository (or any of the parent directories): .git\n"
}
Opening repository for path='/var/www/jwcontracting.com/wp-content/themes/jwTheme' failed; ex=Failed to execute git {
  "exitCode": 128,
  "gitErrorCode": "NotAGitRepository",
  "gitCommand": "rev-parse",
  "stdout": "",
  "stderr": "fatal: not a git repository (or any of the parent directories): .git\n"
}
Opening repository for path='/var/www/jwcontracting.com/wp-content/themes/jwTheme' failed; ex=Failed to execute git {
  "exitCode": 128,
  "gitErrorCode": "NotAGitRepository",
  "gitCommand": "rev-parse",
  "stdout": "",
  "stderr": "fatal: not a git repository (or any of the parent directories): .git\n"
}
Opening repository for path='/var/www/jwcontracting.com/wp-content/themes/jwTheme' failed; ex=Failed to execute git {
  "exitCode": 128,
  "gitErrorCode": "NotAGitRepository",
  "gitCommand": "rev-parse",
  "stdout": "",
  "stderr": "fatal: not a git repository (or any of the parent directories): .git\n"
}
Opening repository for path='/var/www/jwcontracting.com/wp-content/themes/jwTheme' failed; ex=Failed to execute git {
  "exitCode": 128,
  "gitErrorCode": "NotAGitRepository",
  "gitCommand": "rev-parse",
  "stdout": "",
  "stderr": "fatal: not a git repository (or any of the parent directories): .git\n"
}
Opening repository for path='/var/www/jwcontracting.com/wp-content/themes/jwTheme' failed; ex=Failed to execute git {
  "exitCode": 128,
  "gitErrorCode": "NotAGitRepository",
  "gitCommand": "rev-parse",
  "stdout": "",
  "stderr": "fatal: not a git repository (or any of the parent directories): .git\n"
}
Opening repository for path='/var/www/jwcontracting.com/wp-content/themes/jwTheme' failed; ex=Failed to execute git {
  "exitCode": 128,
  "gitErrorCode": "NotAGitRepository",
  "gitCommand": "rev-parse",
  "stdout": "",
  "stderr": "fatal: not a git repository (or any of the parent directories): .git\n"
}
Opening repository for path='/var/www/jwcontracting.com/wp-content/themes/jwTheme/includes' failed; ex=Failed to execute git {
  "exitCode": 128,
  "gitErrorCode": "NotAGitRepository",
  "gitCommand": "rev-parse",
  "stdout": "",
  "stderr": "fatal: not a git repository (or any of the parent directories): .git\n"
}
Opening repository for path='/var/www/jwcontracting.com/wp-content/themes/jwTheme' failed; ex=Failed to execute git {
  "exitCode": 128,
  "gitErrorCode": "NotAGitRepository",
  "gitCommand": "rev-parse",
  "stdout": "",
  "stderr": "fatal: not a git repository (or any of the parent directories): .git\n"
}
Opening repository for path='/var/www/jwcontracting.com/wp-content/themes/jwTheme' failed; ex=Failed to execute git {
  "exitCode": 128,
  "gitErrorCode": "NotAGitRepository",
  "gitCommand": "rev-parse",
  "stdout": "",
  "stderr": "fatal: not a git repository (or any of the parent directories): .git\n"
}
Opening repository for path='/var/www/jwcontracting.com/wp-content/themes/jwTheme' failed; ex=Failed to execute git {
  "exitCode": 128,
  "gitErrorCode": "NotAGitRepository",
  "gitCommand": "rev-parse",
  "stdout": "",
  "stderr": "fatal: not a git repository (or any of the parent directories): .git\n"
}
Opening repository for path='/var/www/jwcontracting.com/wp-content/themes/jwTheme/includes' failed; ex=Failed to execute git {
  "exitCode": 128,
  "gitErrorCode": "NotAGitRepository",
  "gitCommand": "rev-parse",
  "stdout": "",
  "stderr": "fatal: not a git repository (or any of the parent directories): .git\n"
}
Opening repository for path='/var/www/jwcontracting.com/wp-content/themes/jwTheme' failed; ex=Failed to execute git {
  "exitCode": 128,
  "gitErrorCode": "NotAGitRepository",
  "gitCommand": "rev-parse",
  "stdout": "",
  "stderr": "fatal: not a git repository (or any of the parent directories): .git\n"
}
Opening repository for path='/var/www/jwcontracting.com/wp-content/themes/jwTheme/includes' failed; ex=Failed to execute git {
  "exitCode": 128,
  "gitErrorCode": "NotAGitRepository",
  "gitCommand": "rev-parse",
  "stdout": "",
  "stderr": "fatal: not a git repository (or any of the parent directories): .git\n"
}
Opening repository for path='/var/www/jwcontracting.com/wp-content/themes/jwTheme/includes' failed; ex=Failed to execute git {
  "exitCode": 128,
  "gitErrorCode": "NotAGitRepository",
  "gitCommand": "rev-parse",
  "stdout": "",
  "stderr": "fatal: not a git repository (or any of the parent directories): .git\n"
}
Opening repository for path='/var/www/jwcontracting.com/wp-content/themes/jwTheme' failed; ex=Failed to execute git {
  "exitCode": 128,
  "gitErrorCode": "NotAGitRepository",
  "gitCommand": "rev-parse",
  "stdout": "",
  "stderr": "fatal: not a git repository (or any of the parent directories): .git\n"
}
Opening repository for path='/var/www/jwcontracting.com/wp-content/themes/jwTheme' failed; ex=Failed to execute git {
  "exitCode": 128,
  "gitErrorCode": "NotAGitRepository",
  "gitCommand": "rev-parse",
  "stdout": "",
  "stderr": "fatal: not a git repository (or any of the parent directories): .git\n"
}
Opening repository for path='/var/www/jwcontracting.com/wp-content/themes/jwTheme' failed; ex=Failed to execute git {
  "exitCode": 128,
  "gitErrorCode": "NotAGitRepository",
  "gitCommand": "rev-parse",
  "stdout": "",
  "stderr": "fatal: not a git repository (or any of the parent directories): .git\n"
}
Opening repository for path='/var/www/jwcontracting.com/wp-content/themes/jwTheme' failed; ex=Failed to execute git {
  "exitCode": 128,
  "gitErrorCode": "NotAGitRepository",
  "gitCommand": "rev-parse",
  "stdout": "",
  "stderr": "fatal: not a git repository (or any of the parent directories): .git\n"
}
Opening repository for path='/var/www/jwcontracting.com/wp-content/themes/jwTheme' failed; ex=Failed to execute git {
  "exitCode": 128,
  "gitErrorCode": "NotAGitRepository",
  "gitCommand": "rev-parse",
  "stdout": "",
  "stderr": "fatal: not a git repository (or any of the parent directories): .git\n"
}
Opening repository for path='/var/www/jwcontracting.com/wp-content/themes/jwTheme' failed; ex=Failed to execute git {
  "exitCode": 128,
  "gitErrorCode": "NotAGitRepository",
  "gitCommand": "rev-parse",
  "stdout": "",
  "stderr": "fatal: not a git repository (or any of the parent directories): .git\n"
}
Opening repository for path='/var/www/jwcontracting.com/wp-content/themes/jwTheme' failed; ex=Failed to execute git {
  "exitCode": 128,
  "gitErrorCode": "NotAGitRepository",
  "gitCommand": "rev-parse",
  "stdout": "",
  "stderr": "fatal: not a git repository (or any of the parent directories): .git\n"
}
Opening repository for path='/var/www/jwcontracting.com/wp-content/themes/jwTheme' failed; ex=Failed to execute git {
  "exitCode": 128,
  "gitErrorCode": "NotAGitRepository",
  "gitCommand": "rev-parse",
  "stdout": "",
  "stderr": "fatal: not a git repository (or any of the parent directories): .git\n"
}
Opening repository for path='/var/www/jwcontracting.com/wp-content/themes/jwTheme' failed; ex=Failed to execute git {
  "exitCode": 128,
  "gitErrorCode": "NotAGitRepository",
  "gitCommand": "rev-parse",
  "stdout": "",
  "stderr": "fatal: not a git repository (or any of the parent directories): .git\n"
}
Opening repository for path='/var/www/jwcontracting.com/wp-content/themes/jwTheme' failed; ex=Failed to execute git {
  "exitCode": 128,
  "gitErrorCode": "NotAGitRepository",
  "gitCommand": "rev-parse",
  "stdout": "",
  "stderr": "fatal: not a git repository (or any of the parent directories): .git\n"
}
Opening repository for path='/var/www/jwcontracting.com/wp-content/themes/jwTheme' failed; ex=Failed to execute git {
  "exitCode": 128,
  "gitErrorCode": "NotAGitRepository",
  "gitCommand": "rev-parse",
  "stdout": "",
  "stderr": "fatal: not a git repository (or any of the parent directories): .git\n"
}
Opening repository for path='/var/www/jwcontracting.com/wp-content/themes/jwTheme' failed; ex=Failed to execute git {
  "exitCode": 128,
  "gitErrorCode": "NotAGitRepository",
  "gitCommand": "rev-parse",
  "stdout": "",
  "stderr": "fatal: not a git repository (or any of the parent directories): .git\n"
}
Opening repository for path='/var/www/jwcontracting.com/wp-content/themes/jwTheme' failed; ex=Failed to execute git {
  "exitCode": 128,
  "gitErrorCode": "NotAGitRepository",
  "gitCommand": "rev-parse",
  "stdout": "",
  "stderr": "fatal: not a git repository (or any of the parent directories): .git\n"
}
Opening repository for path='/var/www/jwcontracting.com/wp-content/themes/jwTheme' failed; ex=Failed to execute git {
  "exitCode": 128,
  "gitErrorCode": "NotAGitRepository",
  "gitCommand": "rev-parse",
  "stdout": "",
  "stderr": "fatal: not a git repository (or any of the parent directories): .git\n"
}
Opening repository for path='/var/www/jwcontracting.com/wp-content/themes/jwTheme/css' failed; ex=Failed to execute git {
  "exitCode": 128,
  "gitErrorCode": "NotAGitRepository",
  "gitCommand": "rev-parse",
  "stdout": "",
  "stderr": "fatal: not a git repository (or any of the parent directories): .git\n"
}
Opening repository for path='/var/www/jwcontracting.com/wp-content/themes/jwTheme' failed; ex=Failed to execute git {
  "exitCode": 128,
  "gitErrorCode": "NotAGitRepository",
  "gitCommand": "rev-parse",
  "stdout": "",
  "stderr": "fatal: not a git repository (or any of the parent directories): .git\n"
}
Opening repository for path='/var/www/jwcontracting.com/wp-content/themes/jwTheme' failed; ex=Failed to execute git {
  "exitCode": 128,
  "gitErrorCode": "NotAGitRepository",
  "gitCommand": "rev-parse",
  "stdout": "",
  "stderr": "fatal: not a git repository (or any of the parent directories): .git\n"
}
Opening repository for path='/var/www/jwcontracting.com/wp-content/themes/jwTheme' failed; ex=Failed to execute git {
  "exitCode": 128,
  "gitErrorCode": "NotAGitRepository",
  "gitCommand": "rev-parse",
  "stdout": "",
  "stderr": "fatal: not a git repository (or any of the parent directories): .git\n"
}
Opening repository for path='/var/www/jwcontracting.com/wp-content/themes/jwTheme' failed; ex=Failed to execute git {
  "exitCode": 128,
  "gitErrorCode": "NotAGitRepository",
  "gitCommand": "rev-parse",
  "stdout": "",
  "stderr": "fatal: not a git repository (or any of the parent directories): .git\n"
}
Opening repository for path='/var/www/jwcontracting.com/wp-content/themes/jwTheme' failed; ex=Failed to execute git {
  "exitCode": 128,
  "gitErrorCode": "NotAGitRepository",
  "gitCommand": "rev-parse",
  "stdout": "",
  "stderr": "fatal: not a git repository (or any of the parent directories): .git\n"
}
Opening repository for path='/var/www/jwcontracting.com/wp-content/themes/jwTheme' failed; ex=Failed to execute git {
  "exitCode": 128,
  "gitErrorCode": "NotAGitRepository",
  "gitCommand": "rev-parse",
  "stdout": "",
  "stderr": "fatal: not a git repository (or any of the parent directories): .git\n"
}
Opening repository for path='/var/www/jwcontracting.com/wp-content/themes/jwTheme' failed; ex=Failed to execute git {
  "exitCode": 128,
  "gitErrorCode": "NotAGitRepository",
  "gitCommand": "rev-parse",
  "stdout": "",
  "stderr": "fatal: not a git repository (or any of the parent directories): .git\n"
}
Opening repository for path='/var/www/jwcontracting.com/wp-content/themes/jwTheme' failed; ex=Failed to execute git {
  "exitCode": 128,
  "gitErrorCode": "NotAGitRepository",
  "gitCommand": "rev-parse",
  "stdout": "",
  "stderr": "fatal: not a git repository (or any of the parent directories): .git\n"
}
Opening repository for path='/var/www/jwcontracting.com/wp-content/themes/jwTheme' failed; ex=Failed to execute git {
  "exitCode": 128,
  "gitErrorCode": "NotAGitRepository",
  "gitCommand": "rev-parse",
  "stdout": "",
  "stderr": "fatal: not a git repository (or any of the parent directories): .git\n"
}
Opening repository for path='/var/www/jwcontracting.com/wp-content/themes/jwTheme' failed; ex=Failed to execute git {
  "exitCode": 128,
  "gitErrorCode": "NotAGitRepository",
  "gitCommand": "rev-parse",
  "stdout": "",
  "stderr": "fatal: not a git repository (or any of the parent directories): .git\n"
}
Opening repository for path='/var/www/jwcontracting.com/wp-content/themes/jwTheme' failed; ex=Failed to execute git {
  "exitCode": 128,
  "gitErrorCode": "NotAGitRepository",
  "gitCommand": "rev-parse",
  "stdout": "",
  "stderr": "fatal: not a git repository (or any of the parent directories): .git\n"
}
Opening repository for path='/var/www/jwcontracting.com/wp-content/themes/jwTheme' failed; ex=Failed to execute git {
  "exitCode": 128,
  "gitErrorCode": "NotAGitRepository",
  "gitCommand": "rev-parse",
  "stdout": "",
  "stderr": "fatal: not a git repository (or any of the parent directories): .git\n"
}
Opening repository for path='/var/www/jwcontracting.com/wp-content/themes/jwTheme' failed; ex=Failed to execute git {
  "exitCode": 128,
  "gitErrorCode": "NotAGitRepository",
  "gitCommand": "rev-parse",
  "stdout": "",
  "stderr": "fatal: not a git repository (or any of the parent directories): .git\n"
}
Opening repository for path='/var/www/jwcontracting.com/wp-content/themes/jwTheme' failed; ex=Failed to execute git {
  "exitCode": 128,
  "gitErrorCode": "NotAGitRepository",
  "gitCommand": "rev-parse",
  "stdout": "",
  "stderr": "fatal: not a git repository (or any of the parent directories): .git\n"
}
Opening repository for path='/var/www/jwcontracting.com/wp-content/themes/jwTheme' failed; ex=Failed to execute git {
  "exitCode": 128,
  "gitErrorCode": "NotAGitRepository",
  "gitCommand": "rev-parse",
  "stdout": "",
  "stderr": "fatal: not a git repository (or any of the parent directories): .git\n"
}
Opening repository for path='/var/www/jwcontracting.com/wp-content/themes/jwTheme' failed; ex=Failed to execute git {
  "exitCode": 128,
  "gitErrorCode": "NotAGitRepository",
  "gitCommand": "rev-parse",
  "stdout": "",
  "stderr": "fatal: not a git repository (or any of the parent directories): .git\n"
}
Opening repository for path='/var/www/jwcontracting.com/wp-content/themes/jwTheme' failed; ex=Failed to execute git {
  "exitCode": 128,
  "gitErrorCode": "NotAGitRepository",
  "gitCommand": "rev-parse",
  "stdout": "",
  "stderr": "fatal: not a git repository (or any of the parent directories): .git\n"
}
Opening repository for path='/var/www/jwcontracting.com/wp-content/themes/jwTheme' failed; ex=Failed to execute git {
  "exitCode": 128,
  "gitErrorCode": "NotAGitRepository",
  "gitCommand": "rev-parse",
  "stdout": "",
  "stderr": "fatal: not a git repository (or any of the parent directories): .git\n"
}
Opening repository for path='/var/www/jwcontracting.com/wp-content/themes/jwTheme/css' failed; ex=Failed to execute git {
  "exitCode": 128,
  "gitErrorCode": "NotAGitRepository",
  "gitCommand": "rev-parse",
  "stdout": "",
  "stderr": "fatal: not a git repository (or any of the parent directories): .git\n"
}
Opening repository for path='/var/www/jwcontracting.com/wp-content/themes/jwTheme' failed; ex=Failed to execute git {
  "exitCode": 128,
  "gitErrorCode": "NotAGitRepository",
  "gitCommand": "rev-parse",
  "stdout": "",
  "stderr": "fatal: not a git repository (or any of the parent directories): .git\n"
}
Opening repository for path='/var/www/jwcontracting.com/wp-content/themes/jwTheme' failed; ex=Failed to execute git {
  "exitCode": 128,
  "gitErrorCode": "NotAGitRepository",
  "gitCommand": "rev-parse",
  "stdout": "",
  "stderr": "fatal: not a git repository (or any of the parent directories): .git\n"
}
Opening repository for path='/var/www/jwcontracting.com/wp-content/themes/jwTheme' failed; ex=Failed to execute git {
  "exitCode": 128,
  "gitErrorCode": "NotAGitRepository",
  "gitCommand": "rev-parse",
  "stdout": "",
  "stderr": "fatal: not a git repository (or any of the parent directories): .git\n"
}
Opening repository for path='/var/www/jwcontracting.com/wp-content/themes/jwTheme/css' failed; ex=Failed to execute git {
  "exitCode": 128,
  "gitErrorCode": "NotAGitRepository",
  "gitCommand": "rev-parse",
  "stdout": "",
  "stderr": "fatal: not a git repository (or any of the parent directories): .git\n"
}
Opening repository for path='/var/www/jwcontracting.com/wp-content/themes/jwTheme' failed; ex=Failed to execute git {
  "exitCode": 128,
  "gitErrorCode": "NotAGitRepository",
  "gitCommand": "rev-parse",
  "stdout": "",
  "stderr": "fatal: not a git repository (or any of the parent directories): .git\n"
}
Opening repository for path='/var/www/jwcontracting.com/wp-content/themes/jwTheme/css' failed; ex=Failed to execute git {
  "exitCode": 128,
  "gitErrorCode": "NotAGitRepository",
  "gitCommand": "rev-parse",
  "stdout": "",
  "stderr": "fatal: not a git repository (or any of the parent directories): .git\n"
}
Opening repository for path='/var/www/jwcontracting.com/wp-content/themes/jwTheme' failed; ex=Failed to execute git {
  "exitCode": 128,
  "gitErrorCode": "NotAGitRepository",
  "gitCommand": "rev-parse",
  "stdout": "",
  "stderr": "fatal: not a git repository (or any of the parent directories): .git\n"
}
Opening repository for path='/var/www/jwcontracting.com/wp-content/themes/jwTheme/css' failed; ex=Failed to execute git {
  "exitCode": 128,
  "gitErrorCode": "NotAGitRepository",
  "gitCommand": "rev-parse",
  "stdout": "",
  "stderr": "fatal: not a git repository (or any of the parent directories): .git\n"
}
Opening repository for path='/var/www/jwcontracting.com/wp-content/themes/jwTheme' failed; ex=Failed to execute git {
  "exitCode": 128,
  "gitErrorCode": "NotAGitRepository",
  "gitCommand": "rev-parse",
  "stdout": "",
  "stderr": "fatal: not a git repository (or any of the parent directories): .git\n"
}
Opening repository for path='/var/www/jwcontracting.com/wp-content/themes/jwTheme/css' failed; ex=Failed to execute git {
  "exitCode": 128,
  "gitErrorCode": "NotAGitRepository",
  "gitCommand": "rev-parse",
  "stdout": "",
  "stderr": "fatal: not a git repository (or any of the parent directories): .git\n"
}
Opening repository for path='/var/www/jwcontracting.com/wp-content/themes/jwTheme' failed; ex=Failed to execute git {
  "exitCode": 128,
  "gitErrorCode": "NotAGitRepository",
  "gitCommand": "rev-parse",
  "stdout": "",
  "stderr": "fatal: not a git repository (or any of the parent directories): .git\n"
}
Opening repository for path='/var/www/jwcontracting.com/wp-content/themes/jwTheme' failed; ex=Failed to execute git {
  "exitCode": 128,
  "gitErrorCode": "NotAGitRepository",
  "gitCommand": "rev-parse",
  "stdout": "",
  "stderr": "fatal: not a git repository (or any of the parent directories): .git\n"
}
Opening repository for path='/var/www/jwcontracting.com/wp-content/themes/jwTheme/css' failed; ex=Failed to execute git {
  "exitCode": 128,
  "gitErrorCode": "NotAGitRepository",
  "gitCommand": "rev-parse",
  "stdout": "",
  "stderr": "fatal: not a git repository (or any of the parent directories): .git\n"
}
Opening repository for path='/var/www/jwcontracting.com/wp-content/themes/jwTheme' failed; ex=Failed to execute git {
  "exitCode": 128,
  "gitErrorCode": "NotAGitRepository",
  "gitCommand": "rev-parse",
  "stdout": "",
  "stderr": "fatal: not a git repository (or any of the parent directories): .git\n"
}
Opening repository for path='/var/www/jwcontracting.com/wp-content/themes/jwTheme/css' failed; ex=Failed to execute git {
  "exitCode": 128,
  "gitErrorCode": "NotAGitRepository",
  "gitCommand": "rev-parse",
  "stdout": "",
  "stderr": "fatal: not a git repository (or any of the parent directories): .git\n"
}
Opening repository for path='/var/www/jwcontracting.com/wp-content/themes/jwTheme' failed; ex=Failed to execute git {
  "exitCode": 128,
  "gitErrorCode": "NotAGitRepository",
  "gitCommand": "rev-parse",
  "stdout": "",
  "stderr": "fatal: not a git repository (or any of the parent directories): .git\n"
}
Opening repository for path='/var/www/jwcontracting.com/wp-content/themes/jwTheme/css' failed; ex=Failed to execute git {
  "exitCode": 128,
  "gitErrorCode": "NotAGitRepository",
  "gitCommand": "rev-parse",
  "stdout": "",
  "stderr": "fatal: not a git repository (or any of the parent directories): .git\n"
}
Opening repository for path='/var/www/jwcontracting.com/wp-content/themes/jwTheme' failed; ex=Failed to execute git {
  "exitCode": 128,
  "gitErrorCode": "NotAGitRepository",
  "gitCommand": "rev-parse",
  "stdout": "",
  "stderr": "fatal: not a git repository (or any of the parent directories): .git\n"
}
Opening repository for path='/var/www/jwcontracting.com/wp-content/themes/jwTheme' failed; ex=Failed to execute git {
  "exitCode": 128,
  "gitErrorCode": "NotAGitRepository",
  "gitCommand": "rev-parse",
  "stdout": "",
  "stderr": "fatal: not a git repository (or any of the parent directories): .git\n"
}
Opening repository for path='/var/www/jwcontracting.com/wp-content/themes/jwTheme' failed; ex=Failed to execute git {
  "exitCode": 128,
  "gitErrorCode": "NotAGitRepository",
  "gitCommand": "rev-parse",
  "stdout": "",
  "stderr": "fatal: not a git repository (or any of the parent directories): .git\n"
}
Opening repository for path='/var/www/jwcontracting.com/wp-content/themes/jwTheme' failed; ex=Failed to execute git {
  "exitCode": 128,
  "gitErrorCode": "NotAGitRepository",
  "gitCommand": "rev-parse",
  "stdout": "",
  "stderr": "fatal: not a git repository (or any of the parent directories): .git\n"
}
Opening repository for path='/var/www/jwcontracting.com/wp-content/themes/jwTheme/css' failed; ex=Failed to execute git {
  "exitCode": 128,
  "gitErrorCode": "NotAGitRepository",
  "gitCommand": "rev-parse",
  "stdout": "",
  "stderr": "fatal: not a git repository (or any of the parent directories): .git\n"
}
Opening repository for path='/var/www/jwcontracting.com/wp-content/themes/jwTheme' failed; ex=Failed to execute git {
  "exitCode": 128,
  "gitErrorCode": "NotAGitRepository",
  "gitCommand": "rev-parse",
  "stdout": "",
  "stderr": "fatal: not a git repository (or any of the parent directories): .git\n"
}
Opening repository for path='/var/www/jwcontracting.com/wp-content/themes/jwTheme/css' failed; ex=Failed to execute git {
  "exitCode": 128,
  "gitErrorCode": "NotAGitRepository",
  "gitCommand": "rev-parse",
  "stdout": "",
  "stderr": "fatal: not a git repository (or any of the parent directories): .git\n"
}
Opening repository for path='/var/www/jwcontracting.com/wp-content/themes/jwTheme' failed; ex=Failed to execute git {
  "exitCode": 128,
  "gitErrorCode": "NotAGitRepository",
  "gitCommand": "rev-parse",
  "stdout": "",
  "stderr": "fatal: not a git repository (or any of the parent directories): .git\n"
}
Opening repository for path='/var/www/jwcontracting.com/wp-content/themes/jwTheme/css' failed; ex=Failed to execute git {
  "exitCode": 128,
  "gitErrorCode": "NotAGitRepository",
  "gitCommand": "rev-parse",
  "stdout": "",
  "stderr": "fatal: not a git repository (or any of the parent directories): .git\n"
}
Opening repository for path='/var/www/jwcontracting.com/wp-content/themes/jwTheme' failed; ex=Failed to execute git {
  "exitCode": 128,
  "gitErrorCode": "NotAGitRepository",
  "gitCommand": "rev-parse",
  "stdout": "",
  "stderr": "fatal: not a git repository (or any of the parent directories): .git\n"
}
Opening repository for path='/var/www/jwcontracting.com/wp-content/themes/jwTheme/css' failed; ex=Failed to execute git {
  "exitCode": 128,
  "gitErrorCode": "NotAGitRepository",
  "gitCommand": "rev-parse",
  "stdout": "",
  "stderr": "fatal: not a git repository (or any of the parent directories): .git\n"
}
Opening repository for path='/var/www/jwcontracting.com/wp-content/themes/jwTheme' failed; ex=Failed to execute git {
  "exitCode": 128,
  "gitErrorCode": "NotAGitRepository",
  "gitCommand": "rev-parse",
  "stdout": "",
  "stderr": "fatal: not a git repository (or any of the parent directories): .git\n"
}
Opening repository for path='/var/www/jwcontracting.com/wp-content/themes/jwTheme/css' failed; ex=Failed to execute git {
  "exitCode": 128,
  "gitErrorCode": "NotAGitRepository",
  "gitCommand": "rev-parse",
  "stdout": "",
  "stderr": "fatal: not a git repository (or any of the parent directories): .git\n"
}
Opening repository for path='/var/www/jwcontracting.com/wp-content/themes/jwTheme' failed; ex=Failed to execute git {
  "exitCode": 128,
  "gitErrorCode": "NotAGitRepository",
  "gitCommand": "rev-parse",
  "stdout": "",
  "stderr": "fatal: not a git repository (or any of the parent directories): .git\n"
}
Opening repository for path='/var/www/jwcontracting.com/wp-content/themes/jwTheme' failed; ex=Failed to execute git {
  "exitCode": 128,
  "gitErrorCode": "NotAGitRepository",
  "gitCommand": "rev-parse",
  "stdout": "",
  "stderr": "fatal: not a git repository (or any of the parent directories): .git\n"
}
Opening repository for path='/var/www/jwcontracting.com/wp-content/themes/jwTheme' failed; ex=Failed to execute git {
  "exitCode": 128,
  "gitErrorCode": "NotAGitRepository",
  "gitCommand": "rev-parse",
  "stdout": "",
  "stderr": "fatal: not a git repository (or any of the parent directories): .git\n"
}
Opening repository for path='/var/www/jwcontracting.com/wp-content/themes/jwTheme' failed; ex=Failed to execute git {
  "exitCode": 128,
  "gitErrorCode": "NotAGitRepository",
  "gitCommand": "rev-parse",
  "stdout": "",
  "stderr": "fatal: not a git repository (or any of the parent directories): .git\n"
}
Opening repository for path='/var/www/jwcontracting.com/wp-content/themes/jwTheme' failed; ex=Failed to execute git {
  "exitCode": 128,
  "gitErrorCode": "NotAGitRepository",
  "gitCommand": "rev-parse",
  "stdout": "",
  "stderr": "fatal: not a git repository (or any of the parent directories): .git\n"
}
Opening repository for path='/var/www/jwcontracting.com/wp-content/themes/jwTheme/css' failed; ex=Failed to execute git {
  "exitCode": 128,
  "gitErrorCode": "NotAGitRepository",
  "gitCommand": "rev-parse",
  "stdout": "",
  "stderr": "fatal: not a git repository (or any of the parent directories): .git\n"
}
Opening repository for path='/var/www/jwcontracting.com/wp-content/themes/jwTheme' failed; ex=Failed to execute git {
  "exitCode": 128,
  "gitErrorCode": "NotAGitRepository",
  "gitCommand": "rev-parse",
  "stdout": "",
  "stderr": "fatal: not a git repository (or any of the parent directories): .git\n"
}
Opening repository for path='/var/www/jwcontracting.com/wp-content/themes/jwTheme/css' failed; ex=Failed to execute git {
  "exitCode": 128,
  "gitErrorCode": "NotAGitRepository",
  "gitCommand": "rev-parse",
  "stdout": "",
  "stderr": "fatal: not a git repository (or any of the parent directories): .git\n"
}
Opening repository for path='/var/www/jwcontracting.com/wp-content/themes/jwTheme/css' failed; ex=Failed to execute git {
  "exitCode": 128,
  "gitErrorCode": "NotAGitRepository",
  "gitCommand": "rev-parse",
  "stdout": "",
  "stderr": "fatal: not a git repository (or any of the parent directories): .git\n"
}
Opening repository for path='/var/www/jwcontracting.com/wp-content/themes/jwTheme/css' failed; ex=Failed to execute git {
  "exitCode": 128,
  "gitErrorCode": "NotAGitRepository",
  "gitCommand": "rev-parse",
  "stdout": "",
  "stderr": "fatal: not a git repository (or any of the parent directories): .git\n"
}
Opening repository for path='/var/www/jwcontracting.com/wp-content/themes/jwTheme/css' failed; ex=Failed to execute git {
  "exitCode": 128,
  "gitErrorCode": "NotAGitRepository",
  "gitCommand": "rev-parse",
  "stdout": "",
  "stderr": "fatal: not a git repository (or any of the parent directories): .git\n"
}
Opening repository for path='/var/www/jwcontracting.com/wp-content/themes/jwTheme' failed; ex=Failed to execute git {
  "exitCode": 128,
  "gitErrorCode": "NotAGitRepository",
  "gitCommand": "rev-parse",
  "stdout": "",
  "stderr": "fatal: not a git repository (or any of the parent directories): .git\n"
}
Opening repository for path='/var/www/jwcontracting.com/wp-content/themes/jwTheme/css' failed; ex=Failed to execute git {
  "exitCode": 128,
  "gitErrorCode": "NotAGitRepository",
  "gitCommand": "rev-parse",
  "stdout": "",
  "stderr": "fatal: not a git repository (or any of the parent directories): .git\n"
}
Opening repository for path='/var/www/jwcontracting.com/wp-content/themes/jwTheme' failed; ex=Failed to execute git {
  "exitCode": 128,
  "gitErrorCode": "NotAGitRepository",
  "gitCommand": "rev-parse",
  "stdout": "",
  "stderr": "fatal: not a git repository (or any of the parent directories): .git\n"
}
Opening repository for path='/var/www/jwcontracting.com/wp-content/themes/jwTheme' failed; ex=Failed to execute git {
  "exitCode": 128,
  "gitErrorCode": "NotAGitRepository",
  "gitCommand": "rev-parse",
  "stdout": "",
  "stderr": "fatal: not a git repository (or any of the parent directories): .git\n"
}
Opening repository for path='/var/www/jwcontracting.com/wp-content/themes/jwTheme' failed; ex=Failed to execute git {
  "exitCode": 128,
  "gitErrorCode": "NotAGitRepository",
  "gitCommand": "rev-parse",
  "stdout": "",
  "stderr": "fatal: not a git repository (or any of the parent directories): .git\n"
}
Opening repository for path='/var/www/jwcontracting.com/wp-content/themes/jwTheme/css' failed; ex=Failed to execute git {
  "exitCode": 128,
  "gitErrorCode": "NotAGitRepository",
  "gitCommand": "rev-parse",
  "stdout": "",
  "stderr": "fatal: not a git repository (or any of the parent directories): .git\n"
}
Opening repository for path='/var/www/jwcontracting.com/wp-content/themes/jwTheme' failed; ex=Failed to execute git {
  "exitCode": 128,
  "gitErrorCode": "NotAGitRepository",
  "gitCommand": "rev-parse",
  "stdout": "",
  "stderr": "fatal: not a git repository (or any of the parent directories): .git\n"
}
> git rev-parse --git-dir
Open repository: /var/www/jwcontracting.com/wp-content/themes/jwTheme
> git status -z -u
> git symbolic-ref --short HEAD
> git for-each-ref --format=%(refname)%00%(upstream:short)%00%(upstream:track)%00%(objectname) refs/heads/main refs/remotes/main
> git for-each-ref --sort -committerdate --format %(refname) %(objectname) %(*objectname)
> git remote --verbose
> git config --get commit.template
> git check-ignore -v -z --stdin
> git show --textconv :css/main.css
> git show --textconv :header.php
> git ls-files --stage -- /var/www/jwcontracting.com/wp-content/themes/jwTheme/css/main.css
> git ls-files --stage -- /var/www/jwcontracting.com/wp-content/themes/jwTheme/header.php
> git check-ignore -v -z --stdin
> git status -z -u
> git symbolic-ref --short HEAD
> git for-each-ref --format=%(refname)%00%(upstream:short)%00%(upstream:track)%00%(objectname) refs/heads/main refs/remotes/main
> git for-each-ref --sort -committerdate --format %(refname) %(objectname) %(*objectname)
> git remote --verbose
> git config --get commit.template
> git ls-files --stage -- /var/www/jwcontracting.com/wp-content/themes/jwTheme/css/main.css
> git ls-files --stage -- /var/www/jwcontracting.com/wp-content/themes/jwTheme/header.php
> git cat-file -s 6573b79132365d02b6b848ddca68e73b057d048a
> git cat-file -s 00ebb2507dc937d43215b042536f1dd35da64f8d
> git show --textconv :css/main.css
> git show --textconv :header.php
> git status -z -u
> git symbolic-ref --short HEAD
> git for-each-ref --format=%(refname)%00%(upstream:short)%00%(upstream:track)%00%(objectname) refs/heads/main refs/remotes/main
> git for-each-ref --sort -committerdate --format %(refname) %(objectname) %(*objectname)
> git remote --verbose
> git config --get commit.template
> git check-ignore -v -z --stdin
> git status -z -u
> git symbolic-ref --short HEAD
> git for-each-ref --format=%(refname)%00%(upstream:short)%00%(upstream:track)%00%(objectname) refs/heads/main refs/remotes/main
> git for-each-ref --sort -committerdate --format %(refname) %(objectname) %(*objectname)
> git remote --verbose
> git config --get commit.template
> git ls-files --stage -- /var/www/jwcontracting.com/wp-content/themes/jwTheme/css/main.css
> git ls-files --stage -- /var/www/jwcontracting.com/wp-content/themes/jwTheme/header.php
> git cat-file -s 00ebb2507dc937d43215b042536f1dd35da64f8d
> git cat-file -s 6573b79132365d02b6b848ddca68e73b057d048a
> git show --textconv :css/main.css
> git show --textconv :header.php
> git status -z -u
> git symbolic-ref --short HEAD
> git for-each-ref --format=%(refname)%00%(upstream:short)%00%(upstream:track)%00%(objectname) refs/heads/main refs/remotes/main
> git for-each-ref --sort -committerdate --format %(refname) %(objectname) %(*objectname)
> git remote --verbose
> git config --get commit.template
> git status -z -u
> git symbolic-ref --short HEAD
> git for-each-ref --format=%(refname)%00%(upstream:short)%00%(upstream:track)%00%(objectname) refs/heads/main refs/remotes/main
> git for-each-ref --sort -committerdate --format %(refname) %(objectname) %(*objectname)
> git remote --verbose
> git config --get commit.template
> git ls-files --stage -- /var/www/jwcontracting.com/wp-content/themes/jwTheme/css/main.css
> git ls-files --stage -- /var/www/jwcontracting.com/wp-content/themes/jwTheme/header.php
> git cat-file -s 6573b79132365d02b6b848ddca68e73b057d048a
> git cat-file -s 00ebb2507dc937d43215b042536f1dd35da64f8d
> git show --textconv :header.php
> git show --textconv :css/main.css
> git status -z -u
> git symbolic-ref --short HEAD
> git for-each-ref --format=%(refname)%00%(upstream:short)%00%(upstream:track)%00%(objectname) refs/heads/main refs/remotes/main
> git for-each-ref --sort -committerdate --format %(refname) %(objectname) %(*objectname)
> git remote --verbose
> git config --get commit.template
> git status -z -u
> git symbolic-ref --short HEAD
> git for-each-ref --format=%(refname)%00%(upstream:short)%00%(upstream:track)%00%(objectname) refs/heads/main refs/remotes/main
> git for-each-ref --sort -committerdate --format %(refname) %(objectname) %(*objectname)
> git remote --verbose
> git config --get commit.template
> git ls-files --stage -- /var/www/jwcontracting.com/wp-content/themes/jwTheme/css/main.css
> git ls-files --stage -- /var/www/jwcontracting.com/wp-content/themes/jwTheme/header.php
> git cat-file -s 00ebb2507dc937d43215b042536f1dd35da64f8d
> git cat-file -s 6573b79132365d02b6b848ddca68e73b057d048a
> git show --textconv :css/main.css
> git show --textconv :header.php
> git status -z -u
> git symbolic-ref --short HEAD
> git for-each-ref --format=%(refname)%00%(upstream:short)%00%(upstream:track)%00%(objectname) refs/heads/main refs/remotes/main
> git for-each-ref --sort -committerdate --format %(refname) %(objectname) %(*objectname)
> git remote --verbose
> git config --get commit.template
> git show --textconv :functions.php
> git ls-files --stage -- /var/www/jwcontracting.com/wp-content/themes/jwTheme/functions.php
> git cat-file -s 6c98b000c5c3743b0450d63c2845193b96e38485
> git status -z -u
> git symbolic-ref --short HEAD
> git for-each-ref --format=%(refname)%00%(upstream:short)%00%(upstream:track)%00%(objectname) refs/heads/main refs/remotes/main
> git for-each-ref --sort -committerdate --format %(refname) %(objectname) %(*objectname)
> git remote --verbose
> git config --get commit.template
