[2021-05-03 19:57:59.459] [sharedprocess] [info] Starting to clean up unused language packs.
[2021-05-03 20:03:23.731] [sharedprocess] [info] Installing extension: abusaidm.html-snippets
[2021-05-03 20:03:23.972] [sharedprocess] [info] Downloaded extension: abusaidm.html-snippets undefined
[2021-05-03 20:03:24.026] [sharedprocess] [info] Extracted extension to /root/.vscode/extensions/.cdf0699e-5738-4c4c-aa51-f7ca9a793ac0: abusaidm.html-snippets
[2021-05-03 20:03:24.038] [sharedprocess] [info] Renamed to /root/.vscode/extensions/abusaidm.html-snippets-0.2.1
[2021-05-03 20:03:24.040] [sharedprocess] [info] Installation completed. abusaidm.html-snippets
[2021-05-03 20:03:24.044] [sharedprocess] [info] Extensions installed successfully: abusaidm.html-snippets
[2021-05-03 20:04:14.142] [sharedprocess] [info] Installing extension: davidanson.vscode-markdownlint
[2021-05-03 20:04:14.474] [sharedprocess] [info] Downloaded extension: davidanson.vscode-markdownlint undefined
[2021-05-03 20:04:14.524] [sharedprocess] [info] Extracted extension to /root/.vscode/extensions/.2cf3cf71-7b2f-4d07-951e-5b6bee4d4db8: davidanson.vscode-markdownlint
[2021-05-03 20:04:14.537] [sharedprocess] [info] Renamed to /root/.vscode/extensions/davidanson.vscode-markdownlint-0.40.4
[2021-05-03 20:04:14.546] [sharedprocess] [info] Installation completed. davidanson.vscode-markdownlint
[2021-05-03 20:04:14.552] [sharedprocess] [info] Extensions installed successfully: davidanson.vscode-markdownlint
[2021-05-03 20:04:23.089] [sharedprocess] [info] Installing extension: bmewburn.vscode-intelephense-client
[2021-05-03 20:04:23.911] [sharedprocess] [info] Downloaded extension: bmewburn.vscode-intelephense-client undefined
[2021-05-03 20:04:25.668] [sharedprocess] [info] Extracted extension to /root/.vscode/extensions/.2c878638-1f3a-4c86-aa2b-c87fc10f6d60: bmewburn.vscode-intelephense-client
[2021-05-03 20:04:25.688] [sharedprocess] [info] Renamed to /root/.vscode/extensions/bmewburn.vscode-intelephense-client-1.7.1
[2021-05-03 20:04:25.690] [sharedprocess] [info] Installation completed. bmewburn.vscode-intelephense-client
[2021-05-03 20:04:25.700] [sharedprocess] [info] Extensions installed successfully: bmewburn.vscode-intelephense-client
[2021-05-03 20:04:31.255] [sharedprocess] [info] Installing extension: esbenp.prettier-vscode
[2021-05-03 20:04:32.316] [sharedprocess] [info] Downloaded extension: esbenp.prettier-vscode undefined
[2021-05-03 20:04:32.835] [sharedprocess] [info] Extracted extension to /root/.vscode/extensions/.640dfb73-b9fd-4940-93f9-abeed079da11: esbenp.prettier-vscode
[2021-05-03 20:04:32.843] [sharedprocess] [info] Renamed to /root/.vscode/extensions/esbenp.prettier-vscode-6.3.2
[2021-05-03 20:04:32.844] [sharedprocess] [info] Installation completed. esbenp.prettier-vscode
[2021-05-03 20:04:32.852] [sharedprocess] [info] Extensions installed successfully: esbenp.prettier-vscode
[2021-05-09 21:42:53.058] [sharedprocess] [info] Installing extension: vincaslt.highlight-matching-tag
[2021-05-09 21:42:56.172] [sharedprocess] [info] Downloaded extension: vincaslt.highlight-matching-tag undefined
[2021-05-09 21:42:56.292] [sharedprocess] [info] Extracted extension to /root/.vscode/extensions/.47d90490-c0dd-4270-9f9c-03c80b8877fc: vincaslt.highlight-matching-tag
[2021-05-09 21:42:56.306] [sharedprocess] [info] Renamed to /root/.vscode/extensions/vincaslt.highlight-matching-tag-0.10.0
[2021-05-09 21:42:56.313] [sharedprocess] [info] Installation completed. vincaslt.highlight-matching-tag
[2021-05-09 21:42:56.323] [sharedprocess] [info] Extensions installed successfully: vincaslt.highlight-matching-tag
[2021-05-09 21:42:57.310] [sharedprocess] [info] Installing extension: formulahendry.auto-close-tag
[2021-05-09 21:42:57.643] [sharedprocess] [info] Downloaded extension: formulahendry.auto-close-tag undefined
[2021-05-09 21:42:57.804] [sharedprocess] [info] Extracted extension to /root/.vscode/extensions/.029f5ee6-f49d-41eb-888c-0e40e4991457: formulahendry.auto-close-tag
[2021-05-09 21:42:57.854] [sharedprocess] [info] Renamed to /root/.vscode/extensions/formulahendry.auto-close-tag-0.5.10
[2021-05-09 21:42:57.858] [sharedprocess] [info] Installation completed. formulahendry.auto-close-tag
[2021-05-09 21:42:57.871] [sharedprocess] [info] Extensions installed successfully: formulahendry.auto-close-tag
[2021-05-09 21:42:59.177] [sharedprocess] [info] Installing extension: formulahendry.auto-rename-tag
[2021-05-09 21:42:59.453] [sharedprocess] [info] Downloaded extension: formulahendry.auto-rename-tag undefined
[2021-05-09 21:42:59.636] [sharedprocess] [info] Extracted extension to /root/.vscode/extensions/.42d07682-7cee-4101-82f6-e3f22e9dfcfb: formulahendry.auto-rename-tag
[2021-05-09 21:42:59.642] [sharedprocess] [info] Renamed to /root/.vscode/extensions/formulahendry.auto-rename-tag-0.1.6
[2021-05-09 21:42:59.643] [sharedprocess] [info] Installation completed. formulahendry.auto-rename-tag
[2021-05-09 21:42:59.652] [sharedprocess] [info] Extensions installed successfully: formulahendry.auto-rename-tag
[2021-05-10 13:21:24.682] [sharedprocess] [warning] No ptyHost heartbeat after 6 seconds
