Looking for git in: git
Using git 2.25.1 from git
Opening repository for path='/var/www/jwcontracting.com' failed; ex=Failed to execute git {
  "exitCode": 128,
  "gitErrorCode": "NotAGitRepository",
  "gitCommand": "rev-parse",
  "stdout": "",
  "stderr": "fatal: not a git repository (or any of the parent directories): .git\n"
}
Opening repository for path='/var/www/jwcontracting.com/index.php' failed; ex=Error: spawn ENOTDIR
Opening repository for path='/var/www/jwcontracting.com/license.txt' failed; ex=Error: spawn ENOTDIR
Opening repository for path='/var/www/jwcontracting.com/readme.html' failed; ex=Error: spawn ENOTDIR
Opening repository for path='/var/www/jwcontracting.com/wp-activate.php' failed; ex=Error: spawn ENOTDIR
Opening repository for path='/var/www/jwcontracting.com/wp-admin' failed; ex=Failed to execute git {
  "exitCode": 128,
  "gitErrorCode": "NotAGitRepository",
  "gitCommand": "rev-parse",
  "stdout": "",
  "stderr": "fatal: not a git repository (or any of the parent directories): .git\n"
}
Opening repository for path='/var/www/jwcontracting.com/wp-blog-header.php' failed; ex=Error: spawn ENOTDIR
Opening repository for path='/var/www/jwcontracting.com/wp-comments-post.php' failed; ex=Error: spawn ENOTDIR
Opening repository for path='/var/www/jwcontracting.com/wp-config-sample.php' failed; ex=Error: spawn ENOTDIR
Opening repository for path='/var/www/jwcontracting.com/wp-config.php' failed; ex=Error: spawn ENOTDIR
Opening repository for path='/var/www/jwcontracting.com/wp-config.php.save' failed; ex=Error: spawn ENOTDIR
Opening repository for path='/var/www/jwcontracting.com/wp-content' failed; ex=Failed to execute git {
  "exitCode": 128,
  "gitErrorCode": "NotAGitRepository",
  "gitCommand": "rev-parse",
  "stdout": "",
  "stderr": "fatal: not a git repository (or any of the parent directories): .git\n"
}
Opening repository for path='/var/www/jwcontracting.com/wp-cron.php' failed; ex=Error: spawn ENOTDIR
Opening repository for path='/var/www/jwcontracting.com/wp-includes' failed; ex=Failed to execute git {
  "exitCode": 128,
  "gitErrorCode": "NotAGitRepository",
  "gitCommand": "rev-parse",
  "stdout": "",
  "stderr": "fatal: not a git repository (or any of the parent directories): .git\n"
}
Opening repository for path='/var/www/jwcontracting.com/wp-links-opml.php' failed; ex=Error: spawn ENOTDIR
Opening repository for path='/var/www/jwcontracting.com/wp-load.php' failed; ex=Error: spawn ENOTDIR
Opening repository for path='/var/www/jwcontracting.com/wp-login.php' failed; ex=Error: spawn ENOTDIR
Opening repository for path='/var/www/jwcontracting.com/wp-mail.php' failed; ex=Error: spawn ENOTDIR
Opening repository for path='/var/www/jwcontracting.com/wp-settings.php' failed; ex=Error: spawn ENOTDIR
Opening repository for path='/var/www/jwcontracting.com/wp-signup.php' failed; ex=Error: spawn ENOTDIR
Opening repository for path='/var/www/jwcontracting.com/wp-trackback.php' failed; ex=Error: spawn ENOTDIR
Opening repository for path='/var/www/jwcontracting.com/xmlrpc.php' failed; ex=Error: spawn ENOTDIR
Opening repository for path='/var/www/jwcontracting.com' failed; ex=Failed to execute git {
  "exitCode": 128,
  "gitErrorCode": "NotAGitRepository",
  "gitCommand": "rev-parse",
  "stdout": "",
  "stderr": "fatal: not a git repository (or any of the parent directories): .git\n"
}
Opening repository for path='/var/www/jwcontracting.com' failed; ex=Failed to execute git {
  "exitCode": 128,
  "gitErrorCode": "NotAGitRepository",
  "gitCommand": "rev-parse",
  "stdout": "",
  "stderr": "fatal: not a git repository (or any of the parent directories): .git\n"
}
Opening repository for path='/var/www/jwcontracting.com' failed; ex=Failed to execute git {
  "exitCode": 128,
  "gitErrorCode": "NotAGitRepository",
  "gitCommand": "rev-parse",
  "stdout": "",
  "stderr": "fatal: not a git repository (or any of the parent directories): .git\n"
}
Opening repository for path='/var/www/jwcontracting.com' failed; ex=Failed to execute git {
  "exitCode": 128,
  "gitErrorCode": "NotAGitRepository",
  "gitCommand": "rev-parse",
  "stdout": "",
  "stderr": "fatal: not a git repository (or any of the parent directories): .git\n"
}
Opening repository for path='/var/www/jwcontracting.com' failed; ex=Failed to execute git {
  "exitCode": 128,
  "gitErrorCode": "NotAGitRepository",
  "gitCommand": "rev-parse",
  "stdout": "",
  "stderr": "fatal: not a git repository (or any of the parent directories): .git\n"
}
> git rev-parse --git-dir
Open repository: /var/www/jwcontracting.com/wp-content/themes/jwTheme
> git status -z -u
> git symbolic-ref --short HEAD
> git for-each-ref --format=%(refname)%00%(upstream:short)%00%(upstream:track)%00%(objectname) refs/heads/main refs/remotes/main
> git for-each-ref --sort -committerdate --format %(refname) %(objectname) %(*objectname)
> git remote --verbose
> git config --get commit.template
